TN:
SF:src\owservable.client.ts
FN:23,(anonymous_7)
FN:30,(anonymous_8)
FN:37,(anonymous_9)
FN:45,(anonymous_10)
FN:73,(anonymous_12)
FN:75,(anonymous_13)
FN:78,(anonymous_14)
FN:84,(anonymous_15)
FN:92,(anonymous_17)
FN:95,(anonymous_18)
FN:107,(anonymous_19)
FN:113,(anonymous_20)
FN:125,(anonymous_21)
FN:125,(anonymous_22)
FN:131,(anonymous_23)
FN:132,(anonymous_24)
FN:142,(anonymous_25)
FN:148,(anonymous_26)
FN:162,(anonymous_27)
FNF:19
FNH:0
FNDA:0,(anonymous_7)
FNDA:0,(anonymous_8)
FNDA:0,(anonymous_9)
FNDA:0,(anonymous_10)
FNDA:0,(anonymous_12)
FNDA:0,(anonymous_13)
FNDA:0,(anonymous_14)
FNDA:0,(anonymous_15)
FNDA:0,(anonymous_17)
FNDA:0,(anonymous_18)
FNDA:0,(anonymous_19)
FNDA:0,(anonymous_20)
FNDA:0,(anonymous_21)
FNDA:0,(anonymous_22)
FNDA:0,(anonymous_23)
FNDA:0,(anonymous_24)
FNDA:0,(anonymous_25)
FNDA:0,(anonymous_26)
FNDA:0,(anonymous_27)
DA:4,1
DA:5,1
DA:8,1
DA:10,1
DA:14,1
DA:17,0
DA:24,0
DA:25,0
DA:26,0
DA:27,0
DA:32,0
DA:33,0
DA:34,0
DA:39,0
DA:40,0
DA:42,0
DA:48,0
DA:50,0
DA:53,0
DA:54,0
DA:57,0
DA:58,0
DA:59,0
DA:63,0
DA:66,0
DA:69,0
DA:74,0
DA:75,0
DA:79,0
DA:80,0
DA:81,0
DA:85,0
DA:86,0
DA:88,0
DA:89,0
DA:91,0
DA:92,0
DA:98,0
DA:99,0
DA:101,0
DA:102,0
DA:104,0
DA:109,0
DA:110,0
DA:114,0
DA:117,0
DA:118,0
DA:119,0
DA:121,0
DA:123,0
DA:124,0
DA:125,0
DA:126,0
DA:127,0
DA:129,0
DA:131,0
DA:132,0
DA:134,0
DA:136,0
DA:139,0
DA:143,0
DA:144,0
DA:145,0
DA:149,0
DA:150,0
DA:151,0
DA:163,0
DA:164,0
DA:165,0
DA:166,0
DA:167,0
DA:169,0
DA:171,0
DA:173,0
DA:174,0
DA:175,0
DA:176,0
DA:177,0
DA:179,0
DA:181,0
DA:183,0
LF:81
LH:5
BRDA:39,0,0,0
BRDA:48,1,0,0
BRDA:48,1,1,0
BRDA:48,1,2,0
BRDA:48,1,3,0
BRDA:48,1,4,0
BRDA:48,1,5,0
BRDA:86,2,0,0
BRDA:98,3,0,0
BRDA:98,3,1,0
BRDA:98,4,0,0
BRDA:98,4,1,0
BRDA:101,5,0,0
BRDA:101,5,1,0
BRDA:101,6,0,0
BRDA:101,6,1,0
BRDA:118,7,0,0
BRDA:118,7,1,0
BRDA:127,8,0,0
BRDA:129,9,0,0
BRDA:143,10,0,0
BRDA:149,11,0,0
BRDA:163,12,0,0
BRDA:167,13,0,0
BRDA:167,13,1,0
BRDA:167,14,0,0
BRDA:167,14,1,0
BRDA:173,15,0,0
BRDA:177,16,0,0
BRDA:177,16,1,0
BRDA:177,17,0,0
BRDA:177,17,1,0
BRF:32
BRH:0
end_of_record
TN:
SF:src\owservable.ts
FNF:0
FNH:0
DA:3,1
DA:6,1
DA:22,1
DA:23,1
DA:24,1
DA:27,1
DA:28,1
DA:29,1
DA:32,1
DA:33,1
DA:34,1
DA:35,1
DA:36,1
DA:39,1
DA:42,1
DA:43,1
DA:46,1
DA:47,1
DA:48,1
DA:49,1
DA:50,1
DA:51,1
DA:52,1
DA:55,1
DA:56,1
DA:57,1
DA:58,1
DA:61,1
DA:64,1
DA:67,1
DA:83,1
DA:84,1
DA:85,1
DA:88,1
DA:89,1
DA:90,1
DA:93,1
DA:94,1
DA:95,1
DA:96,1
DA:97,1
DA:100,1
DA:103,1
DA:104,1
DA:107,1
DA:108,1
DA:109,1
DA:110,1
DA:111,1
DA:112,1
DA:113,1
DA:116,1
DA:117,1
DA:118,1
DA:119,1
DA:122,1
DA:125,1
DA:126,1
LF:58
LH:58
BRF:0
BRH:0
end_of_record
TN:
SF:src\_enums\store.type.enum.ts
FN:3,(anonymous_0)
FNF:1
FNH:1
FNDA:1,(anonymous_0)
DA:3,1
DA:4,1
DA:5,1
DA:6,1
DA:9,1
LF:5
LH:5
BRDA:3,0,0,1
BRDA:3,0,1,1
BRF:2
BRH:2
end_of_record
TN:
SF:src\functions\initiate.cronjobs.ts
FN:6,(anonymous_0)
FNF:1
FNH:0
FNDA:0,(anonymous_0)
DA:3,1
DA:4,1
DA:6,1
DA:7,0
DA:9,1
LF:5
LH:4
BRDA:6,0,0,0
BRF:1
BRH:0
end_of_record
TN:
SF:src\functions\initiate.watchers.ts
FN:6,(anonymous_0)
FNF:1
FNH:0
FNDA:0,(anonymous_0)
DA:3,1
DA:4,1
DA:6,1
DA:7,0
DA:9,1
LF:5
LH:4
BRDA:6,0,0,0
BRF:1
BRH:0
end_of_record
TN:
SF:src\functions\initiate.workers.ts
FN:6,(anonymous_0)
FNF:1
FNH:0
FNDA:0,(anonymous_0)
DA:3,1
DA:4,1
DA:6,1
DA:7,0
DA:9,1
LF:5
LH:4
BRDA:6,0,0,0
BRF:1
BRH:0
end_of_record
TN:
SF:src\functions\action\add.action.cronjobs.ts
FN:11,addActionCronjobs
FNF:1
FNH:0
FNDA:0,addActionCronjobs
DA:3,1
DA:6,1
DA:9,1
DA:11,1
DA:12,0
DA:14,0
DA:15,0
DA:17,0
DA:18,0
DA:20,0
DA:21,0
DA:26,0
DA:27,0
DA:29,0
LF:14
LH:4
BRDA:20,0,0,0
BRDA:20,1,0,0
BRDA:20,1,1,0
BRDA:26,2,0,0
BRDA:27,3,0,0
BRF:5
BRH:0
end_of_record
TN:
SF:src\functions\action\add.action.watchers.ts
FN:11,addActionWatchers
FNF:1
FNH:0
FNDA:0,addActionWatchers
DA:3,1
DA:6,1
DA:9,1
DA:11,1
DA:12,0
DA:14,0
DA:15,0
DA:17,0
DA:18,0
DA:20,0
DA:21,0
DA:24,0
DA:26,0
LF:13
LH:4
BRDA:20,0,0,0
BRDA:24,1,0,0
BRF:2
BRH:0
end_of_record
TN:
SF:src\functions\action\add.action.workers.ts
FN:11,addActionWorkers
FNF:1
FNH:0
FNDA:0,addActionWorkers
DA:3,1
DA:6,1
DA:9,1
DA:11,1
DA:12,0
DA:14,0
DA:15,0
DA:17,0
DA:18,0
DA:20,0
DA:21,0
DA:24,0
DA:26,0
LF:13
LH:4
BRDA:20,0,0,0
BRDA:24,1,0,0
BRF:2
BRH:0
end_of_record
TN:
SF:src\functions\execute\execute.cronjob.ts
FN:9,(anonymous_0)
FN:11,(anonymous_1)
FNF:2
FNH:0
FNDA:0,(anonymous_0)
FNDA:0,(anonymous_1)
DA:3,1
DA:5,1
DA:9,1
DA:10,0
DA:11,0
DA:12,0
DA:14,1
LF:7
LH:4
BRDA:11,0,0,0
BRDA:11,0,1,0
BRF:2
BRH:0
end_of_record
TN:
SF:src\functions\execute\execute.on.files.recursively.ts
FN:8,(anonymous_0)
FN:10,(anonymous_1)
FN:11,(anonymous_2)
FN:17,(anonymous_3)
FN:18,(anonymous_4)
FNF:5
FNH:0
FNDA:0,(anonymous_0)
FNDA:0,(anonymous_1)
FNDA:0,(anonymous_2)
FNDA:0,(anonymous_3)
FNDA:0,(anonymous_4)
DA:3,1
DA:4,1
DA:6,1
DA:8,1
DA:9,0
DA:10,0
DA:11,0
DA:12,0
DA:13,0
DA:14,0
DA:17,0
DA:18,0
DA:20,1
LF:13
LH:5
BRF:0
BRH:0
end_of_record
TN:
SF:src\functions\execute\execute.processes.in.folder.ts
FN:8,(anonymous_0)
FN:10,(anonymous_1)
FNF:2
FNH:0
FNDA:0,(anonymous_0)
FNDA:0,(anonymous_1)
DA:3,1
DA:4,1
DA:6,1
DA:8,1
DA:9,0
DA:10,0
DA:12,1
LF:7
LH:5
BRF:0
BRH:0
end_of_record
TN:
SF:src\functions\execute\execute.watcher.ts
FN:7,(anonymous_0)
FN:11,(anonymous_1)
FN:16,(anonymous_2)
FNF:3
FNH:0
FNDA:0,(anonymous_0)
FNDA:0,(anonymous_1)
FNDA:0,(anonymous_2)
DA:3,1
DA:7,1
DA:8,0
DA:10,0
DA:11,0
DA:12,0
DA:13,0
DA:16,0
DA:17,0
DA:19,1
LF:10
LH:3
BRDA:8,0,0,0
BRDA:10,1,0,0
BRDA:11,2,0,0
BRDA:11,2,1,0
BRDA:11,3,0,0
BRDA:11,3,1,0
BRDA:12,4,0,0
BRDA:12,4,1,0
BRDA:12,5,0,0
BRDA:12,5,1,0
BRDA:16,6,0,0
BRDA:16,6,1,0
BRDA:16,7,0,0
BRDA:16,7,1,0
BRDA:16,8,0,0
BRDA:16,8,1,0
BRDA:17,9,0,0
BRDA:17,9,1,0
BRDA:17,10,0,0
BRDA:17,10,1,0
BRF:20
BRH:0
end_of_record
TN:
SF:src\functions\execute\execute.worker.ts
FN:7,(anonymous_0)
FN:9,(anonymous_1)
FNF:2
FNH:0
FNDA:0,(anonymous_0)
FNDA:0,(anonymous_1)
DA:3,1
DA:7,1
DA:8,0
DA:9,0
DA:10,0
DA:12,1
LF:6
LH:3
BRDA:9,0,0,0
BRDA:9,0,1,0
BRDA:9,1,0,0
BRDA:9,1,1,0
BRDA:9,2,0,0
BRDA:9,2,1,0
BRDA:10,3,0,0
BRDA:10,3,1,0
BRDA:10,4,0,0
BRDA:10,4,1,0
BRF:10
BRH:0
end_of_record
TN:
SF:src\functions\performance\get.hrtime.as.number.ts
FN:5,(anonymous_0)
FNF:1
FNH:0
FNDA:0,(anonymous_0)
DA:3,1
DA:5,1
DA:6,1
LF:3
LH:3
BRF:0
BRH:0
end_of_record
TN:
SF:src\functions\performance\get.milliseconds.from.ts
FN:5,(anonymous_0)
FNF:1
FNH:0
FNDA:0,(anonymous_0)
DA:3,1
DA:5,1
DA:6,1
LF:3
LH:3
BRF:0
BRH:0
end_of_record
TN:
SF:src\functions\performance\get.seconds.from.ts
FN:7,(anonymous_0)
FNF:1
FNH:0
FNDA:0,(anonymous_0)
DA:3,1
DA:5,1
DA:7,1
DA:8,1
LF:4
LH:4
BRF:0
BRH:0
end_of_record
TN:
SF:src\middleware\data.middleware.map.ts
FN:4,(anonymous_0)
FN:8,(anonymous_1)
FN:12,(anonymous_2)
FN:16,(anonymous_3)
FNF:4
FNH:4
FNDA:1,(anonymous_0)
FNDA:2,(anonymous_1)
FNDA:3,(anonymous_2)
FNDA:2,(anonymous_3)
DA:3,1
DA:5,1
DA:9,2
DA:13,3
DA:17,2
DA:20,1
LF:6
LH:6
BRF:0
BRH:0
end_of_record
TN:
SF:src\mongodb\collections.models.map.ts
FN:7,(anonymous_0)
FN:11,(anonymous_1)
FN:17,(anonymous_2)
FN:21,(anonymous_3)
FNF:4
FNH:4
FNDA:2,(anonymous_0)
FNDA:3,(anonymous_1)
FNDA:3,(anonymous_2)
FNDA:3,(anonymous_3)
DA:3,1
DA:6,1
DA:8,2
DA:12,3
DA:13,3
DA:14,2
DA:18,3
DA:22,3
DA:25,1
LF:9
LH:9
BRDA:13,0,0,1
BRF:1
BRH:1
end_of_record
TN:
SF:src\mongodb\mongodb.connector.ts
FN:7,(anonymous_7)
FN:11,(anonymous_9)
FN:12,(anonymous_10)
FN:13,(anonymous_11)
FN:16,(anonymous_12)
FN:17,(anonymous_13)
FN:18,(anonymous_14)
FN:26,(anonymous_15)
FN:32,(anonymous_16)
FNF:9
FNH:0
FNDA:0,(anonymous_7)
FNDA:0,(anonymous_9)
FNDA:0,(anonymous_10)
FNDA:0,(anonymous_11)
FNDA:0,(anonymous_12)
FNDA:0,(anonymous_13)
FNDA:0,(anonymous_14)
FNDA:0,(anonymous_15)
FNDA:0,(anonymous_16)
DA:3,1
DA:6,1
DA:8,0
DA:9,0
DA:11,0
DA:12,0
DA:13,0
DA:15,0
DA:16,0
DA:17,0
DA:18,0
DA:20,0
DA:23,0
DA:27,0
LF:14
LH:2
BRDA:8,0,0,0
BRF:1
BRH:0
end_of_record
TN:
SF:src\mongodb\functions\observable.database.ts
FN:12,(anonymous_0)
FN:17,(anonymous_1)
FN:23,(anonymous_2)
FN:29,(anonymous_3)
FNF:4
FNH:0
FNDA:0,(anonymous_0)
FNDA:0,(anonymous_1)
FNDA:0,(anonymous_2)
FNDA:0,(anonymous_3)
DA:3,2
DA:4,2
DA:5,2
DA:13,0
DA:14,0
DA:18,0
DA:20,0
DA:22,0
DA:23,0
DA:24,0
DA:29,2
DA:30,2
LF:12
LH:5
BRDA:13,0,0,0
BRF:1
BRH:0
end_of_record
TN:
SF:src\mongodb\functions\observable.model.ts
FN:15,(anonymous_0)
FN:20,(anonymous_1)
FN:22,(anonymous_2)
FN:23,(anonymous_3)
FN:24,(anonymous_4)
FN:28,(anonymous_5)
FN:44,(anonymous_6)
FN:49,(anonymous_7)
FN:61,(anonymous_8)
FN:66,(anonymous_9)
FNF:10
FNH:0
FNDA:0,(anonymous_0)
FNDA:0,(anonymous_1)
FNDA:0,(anonymous_2)
FNDA:0,(anonymous_3)
FNDA:0,(anonymous_4)
FNDA:0,(anonymous_5)
FNDA:0,(anonymous_6)
FNDA:0,(anonymous_7)
FNDA:0,(anonymous_8)
FNDA:0,(anonymous_9)
DA:3,2
DA:6,2
DA:7,2
DA:9,2
DA:16,0
DA:17,0
DA:19,0
DA:20,0
DA:22,0
DA:23,0
DA:24,0
DA:29,0
DA:32,0
DA:34,0
DA:36,0
DA:45,0
DA:46,0
DA:50,0
DA:51,0
DA:53,0
DA:54,0
DA:56,0
DA:62,0
DA:66,2
DA:67,2
LF:25
LH:6
BRDA:45,0,0,0
BRDA:54,1,0,0
BRF:2
BRH:0
end_of_record
TN:
SF:src\mongodb\functions\process.models.ts
FN:11,(anonymous_0)
FN:18,(anonymous_1)
FN:22,(anonymous_2)
FN:25,(anonymous_3)
FN:29,(anonymous_4)
FN:30,(anonymous_5)
FN:36,(anonymous_6)
FN:37,(anonymous_7)
FN:40,(anonymous_8)
FN:42,(anonymous_9)
FNF:10
FNH:3
FNDA:1,(anonymous_0)
FNDA:3,(anonymous_1)
FNDA:1,(anonymous_2)
FNDA:0,(anonymous_3)
FNDA:0,(anonymous_4)
FNDA:0,(anonymous_5)
FNDA:0,(anonymous_6)
FNDA:0,(anonymous_7)
FNDA:0,(anonymous_8)
FNDA:0,(anonymous_9)
DA:3,2
DA:4,2
DA:6,2
DA:7,2
DA:9,2
DA:11,2
DA:12,1
DA:13,1
DA:14,1
DA:15,1
DA:18,2
DA:19,3
DA:20,2
DA:22,1
DA:25,2
DA:26,0
DA:28,0
DA:29,0
DA:30,0
DA:31,0
DA:32,0
DA:33,0
DA:36,0
DA:37,0
DA:40,2
DA:41,0
DA:42,0
DA:44,2
LF:28
LH:17
BRDA:14,0,0,0
BRDA:19,1,0,1
BRDA:20,2,0,1
BRDA:20,2,1,1
BRDA:26,3,0,0
BRDA:32,4,0,0
BRDA:32,5,0,0
BRDA:32,5,1,0
BRDA:40,6,0,0
BRF:9
BRH:3
end_of_record
TN:
SF:src\mongodb\functions\index\add.down.indices.to.attributes.ts
FN:7,(anonymous_0)
FNF:1
FNH:0
FNDA:0,(anonymous_0)
DA:5,1
DA:7,1
DA:8,1
LF:3
LH:3
BRF:0
BRH:0
end_of_record
TN:
SF:src\mongodb\functions\index\add.index.to.attributes.ts
FN:6,(anonymous_0)
FN:7,(anonymous_1)
FNF:2
FNH:0
FNDA:0,(anonymous_0)
FNDA:0,(anonymous_1)
DA:4,1
DA:6,1
DA:7,0
DA:8,0
DA:9,0
DA:10,0
DA:13,1
LF:7
LH:3
BRF:0
BRH:0
end_of_record
TN:
SF:src\mongodb\functions\index\add.up.and.down.indices.to.attributes.ts
FN:8,(anonymous_0)
FNF:1
FNH:0
FNDA:0,(anonymous_0)
DA:5,1
DA:6,1
DA:8,1
DA:9,0
DA:10,0
DA:12,1
LF:6
LH:4
BRF:0
BRH:0
end_of_record
TN:
SF:src\mongodb\functions\index\add.up.indices.to.attributes.ts
FN:7,(anonymous_0)
FNF:1
FNH:0
FNDA:0,(anonymous_0)
DA:5,1
DA:7,1
DA:8,1
LF:3
LH:3
BRF:0
BRH:0
end_of_record
TN:
SF:src\store\a.store.ts
FN:21,(anonymous_0)
FN:25,(anonymous_1)
FN:54,(anonymous_2)
FN:75,(anonymous_3)
FN:80,(anonymous_4)
FN:84,(anonymous_5)
FN:85,(anonymous_6)
FN:86,(anonymous_7)
FN:90,(anonymous_8)
FN:98,(anonymous_9)
FN:113,(anonymous_10)
FN:119,(anonymous_11)
FN:129,(anonymous_12)
FN:132,(anonymous_13)
FN:135,(anonymous_14)
FN:139,(anonymous_15)
FN:150,(anonymous_16)
FN:167,(anonymous_17)
FN:178,(anonymous_18)
FN:189,(anonymous_19)
FN:206,(anonymous_20)
FN:210,(anonymous_21)
FN:226,(anonymous_22)
FN:230,(anonymous_23)
FN:234,(anonymous_24)
FN:238,(anonymous_25)
FN:245,(anonymous_26)
FN:249,(anonymous_27)
FNF:28
FNH:0
FNDA:0,(anonymous_0)
FNDA:0,(anonymous_1)
FNDA:0,(anonymous_2)
FNDA:0,(anonymous_3)
FNDA:0,(anonymous_4)
FNDA:0,(anonymous_5)
FNDA:0,(anonymous_6)
FNDA:0,(anonymous_7)
FNDA:0,(anonymous_8)
FNDA:0,(anonymous_9)
FNDA:0,(anonymous_10)
FNDA:0,(anonymous_11)
FNDA:0,(anonymous_12)
FNDA:0,(anonymous_13)
FNDA:0,(anonymous_14)
FNDA:0,(anonymous_15)
FNDA:0,(anonymous_16)
FNDA:0,(anonymous_17)
FNDA:0,(anonymous_18)
FNDA:0,(anonymous_19)
FNDA:0,(anonymous_20)
FNDA:0,(anonymous_21)
FNDA:0,(anonymous_22)
FNDA:0,(anonymous_23)
FNDA:0,(anonymous_24)
FNDA:0,(anonymous_25)
FNDA:0,(anonymous_26)
FNDA:0,(anonymous_27)
DA:3,1
DA:4,1
DA:5,1
DA:6,1
DA:10,1
DA:11,1
DA:13,1
DA:14,1
DA:15,1
DA:18,1
DA:20,1
DA:21,0
DA:25,1
DA:31,1
DA:37,0
DA:55,0
DA:57,0
DA:58,0
DA:59,0
DA:60,0
DA:61,0
DA:62,0
DA:63,0
DA:64,0
DA:65,0
DA:67,0
DA:72,0
DA:76,0
DA:77,0
DA:81,0
DA:84,0
DA:85,0
DA:86,0
DA:91,0
DA:99,0
DA:101,0
DA:103,0
DA:104,0
DA:106,0
DA:107,0
DA:109,0
DA:111,0
DA:112,0
DA:113,0
DA:115,0
DA:120,0
DA:121,0
DA:122,0
DA:124,0
DA:125,0
DA:130,0
DA:131,0
DA:132,0
DA:136,0
DA:140,0
DA:141,0
DA:142,0
DA:151,0
DA:153,0
DA:154,0
DA:156,0
DA:157,0
DA:159,0
DA:168,0
DA:179,0
DA:190,0
DA:207,0
DA:211,0
DA:213,0
DA:215,0
DA:216,0
DA:217,0
DA:220,0
DA:222,0
DA:223,0
DA:227,0
DA:231,0
DA:235,0
DA:239,0
DA:241,0
DA:242,0
DA:246,0
DA:250,0
DA:251,0
DA:263,0
DA:264,0
LF:86
LH:13
BRDA:25,0,0,0
BRDA:26,1,0,0
BRDA:26,1,1,0
BRDA:76,2,0,0
BRDA:76,2,1,0
BRDA:76,3,0,0
BRDA:76,3,1,0
BRDA:99,4,0,0
BRDA:99,5,0,0
BRDA:99,6,0,0
BRDA:99,7,0,0
BRDA:99,8,0,0
BRDA:99,9,0,0
BRDA:99,10,0,0
BRDA:111,11,0,0
BRDA:111,11,1,0
BRDA:139,12,0,0
BRDA:150,13,0,0
BRDA:156,14,0,0
BRDA:156,15,0,0
BRDA:156,15,1,0
BRDA:157,16,0,0
BRDA:207,17,0,0
BRDA:207,17,1,0
BRDA:211,18,0,0
BRDA:213,19,0,0
BRDA:213,19,1,0
BRDA:215,20,0,0
BRDA:239,21,0,0
BRF:29
BRH:0
end_of_record
TN:
SF:src\store\collection.store.ts
FN:13,(anonymous_7)
FN:21,(anonymous_8)
FN:45,(anonymous_9)
FN:53,(anonymous_11)
FN:125,(anonymous_13)
FNF:5
FNH:0
FNDA:0,(anonymous_7)
FNDA:0,(anonymous_8)
FNDA:0,(anonymous_9)
FNDA:0,(anonymous_11)
FNDA:0,(anonymous_13)
DA:3,1
DA:6,1
DA:7,1
DA:8,1
DA:10,1
DA:14,0
DA:16,0
DA:17,0
DA:18,0
DA:22,0
DA:24,0
DA:25,0
DA:27,0
DA:28,0
DA:29,0
DA:31,0
DA:34,0
DA:38,0
DA:39,0
DA:42,0
DA:46,0
DA:47,0
DA:48,0
DA:51,0
DA:54,0
DA:56,0
DA:59,0
DA:60,0
DA:63,0
DA:64,0
DA:65,0
DA:67,0
DA:68,0
DA:70,0
DA:71,0
DA:73,0
DA:75,0
DA:76,0
DA:77,0
DA:79,0
DA:81,0
DA:87,0
DA:88,0
DA:89,0
DA:93,0
DA:94,0
DA:95,0
DA:96,0
DA:97,0
DA:98,0
DA:100,0
DA:102,0
DA:105,0
DA:106,0
DA:108,0
DA:112,0
DA:114,0
DA:117,0
DA:120,0
DA:121,0
DA:126,0
DA:128,0
DA:129,0
DA:131,0
DA:132,0
DA:133,0
LF:66
LH:5
BRDA:22,0,0,0
BRDA:25,1,0,0
BRDA:29,2,0,0
BRDA:31,3,0,0
BRDA:31,3,1,0
BRDA:31,3,2,0
BRDA:31,3,3,0
BRDA:38,4,0,0
BRDA:59,5,0,0
BRDA:60,6,0,0
BRDA:67,7,0,0
BRDA:67,7,1,0
BRDA:67,8,0,0
BRDA:67,8,1,0
BRDA:68,9,0,0
BRDA:73,10,0,0
BRDA:87,11,0,0
BRDA:93,12,0,0
BRDA:105,13,0,0
BRDA:105,13,1,0
BRDA:128,14,0,0
BRDA:128,15,0,0
BRDA:132,16,0,0
BRF:23
BRH:0
end_of_record
TN:
SF:src\store\count.store.ts
FN:10,(anonymous_7)
FN:16,(anonymous_8)
FN:32,(anonymous_9)
FNF:3
FNH:0
FNDA:0,(anonymous_7)
FNDA:0,(anonymous_8)
FNDA:0,(anonymous_9)
DA:2,1
DA:5,1
DA:6,1
DA:7,1
DA:9,1
DA:11,0
DA:12,0
DA:13,0
DA:17,0
DA:19,0
DA:20,0
DA:23,0
DA:28,0
DA:33,0
DA:35,0
DA:36,0
DA:38,0
DA:39,0
LF:18
LH:5
BRDA:17,0,0,0
BRDA:20,1,0,0
BRDA:20,1,1,0
BRDA:20,1,2,0
BRDA:20,1,3,0
BRDA:20,1,4,0
BRDA:35,2,0,0
BRDA:36,3,0,0
BRF:8
BRH:0
end_of_record
TN:
SF:src\store\document.store.ts
FN:14,(anonymous_7)
FN:17,(anonymous_8)
FN:23,(anonymous_9)
FN:30,(anonymous_10)
FN:33,(anonymous_11)
FN:35,(anonymous_12)
FN:36,(anonymous_13)
FN:37,(anonymous_14)
FN:41,(anonymous_15)
FN:72,(anonymous_16)
FN:109,(anonymous_18)
FN:122,(anonymous_19)
FN:126,(anonymous_21)
FN:135,(anonymous_23)
FNF:14
FNH:0
FNDA:0,(anonymous_7)
FNDA:0,(anonymous_8)
FNDA:0,(anonymous_9)
FNDA:0,(anonymous_10)
FNDA:0,(anonymous_11)
FNDA:0,(anonymous_12)
FNDA:0,(anonymous_13)
FNDA:0,(anonymous_14)
FNDA:0,(anonymous_15)
FNDA:0,(anonymous_16)
FNDA:0,(anonymous_18)
FNDA:0,(anonymous_19)
FNDA:0,(anonymous_21)
FNDA:0,(anonymous_23)
DA:3,1
DA:5,1
DA:6,1
DA:8,1
DA:9,1
DA:10,1
DA:11,1
DA:14,1
DA:16,1
DA:18,0
DA:19,0
DA:20,0
DA:24,0
DA:26,0
DA:27,0
DA:31,0
DA:33,0
DA:35,0
DA:36,0
DA:37,0
DA:42,0
DA:44,0
DA:45,0
DA:46,0
DA:48,0
DA:50,0
DA:53,0
DA:57,0
DA:58,0
DA:60,0
DA:62,0
DA:63,0
DA:64,0
DA:65,0
DA:69,0
DA:73,0
DA:75,0
DA:76,0
DA:78,0
DA:79,0
DA:80,0
DA:82,0
DA:85,0
DA:87,0
DA:88,0
DA:90,0
DA:92,0
DA:93,0
DA:96,0
DA:98,0
DA:99,0
DA:100,0
DA:102,0
DA:104,0
DA:105,0
DA:110,0
DA:112,0
DA:113,0
DA:115,0
DA:116,0
DA:117,0
DA:119,0
DA:123,0
DA:127,0
DA:132,0
DA:136,0
LF:66
LH:9
BRDA:14,0,0,0
BRDA:14,0,1,0
BRDA:26,1,0,0
BRDA:27,2,0,0
BRDA:27,2,1,0
BRDA:42,3,0,0
BRDA:48,4,0,0
BRDA:48,4,1,0
BRDA:48,4,2,0
BRDA:48,4,3,0
BRDA:57,5,0,0
BRDA:57,6,0,0
BRDA:57,6,1,0
BRDA:58,7,0,0
BRDA:60,8,0,0
BRDA:75,9,0,0
BRDA:76,10,0,0
BRDA:82,11,0,0
BRDA:82,12,0,0
BRDA:82,12,1,0
BRDA:87,13,0,0
BRDA:87,13,1,0
BRDA:88,14,0,0
BRDA:88,14,1,0
BRDA:90,15,0,0
BRDA:93,16,0,0
BRDA:93,17,0,0
BRDA:93,17,1,0
BRDA:93,18,0,0
BRDA:93,18,1,0
BRDA:96,19,0,0
BRDA:110,20,0,0
BRDA:113,21,0,0
BRDA:117,22,0,0
BRF:34
BRH:0
end_of_record
TN:
SF:src\store\factories\store.factory.ts
FN:12,(anonymous_0)
FNF:1
FNH:0
FNDA:0,(anonymous_0)
DA:6,1
DA:7,1
DA:8,1
DA:10,1
DA:12,1
DA:13,0
DA:15,0
DA:16,0
DA:17,0
DA:19,1
LF:10
LH:6
BRDA:15,0,0,0
BRDA:16,1,0,0
BRF:2
BRH:0
end_of_record
